<?xml version="1.0" encoding="UTF-8"?>
<!-- Generated by org.testng.reporters.JUnitReportReporter -->
<testsuite hostname="SFLY-5CD247H55M" failures="0" tests="2" name="SeleniumPractice.Day11.TestNG1" time="6.391" errors="0" timestamp="2025-08-14T13:26:04 IST" skipped="0">
  <testcase classname="SeleniumPractice.Day11.TestNG1" name="m1" time="3.696"/>
  <testcase classname="SeleniumPractice.Day11.TestNG1" name="m1" time="2.695"/>
</testsuite> <!-- SeleniumPractice.Day11.TestNG1 -->
