<?xml version="1.0" encoding="UTF-8"?>
<!-- Generated by org.testng.reporters.JUnitReportReporter -->
<testsuite hostname="SFLY-5CD247H55M" failures="0" tests="2" name="TestNGPractice.AnnotationsEx1" time="15.245" errors="0" timestamp="2025-08-14T16:51:36 IST" skipped="0">
  <testcase classname="TestNGPractice.AnnotationsEx1" name="googleApplicationName" time="7.132"/>
  <testcase classname="TestNGPractice.AnnotationsEx1" name="leafgroundApplicationName" time="8.113"/>
</testsuite> <!-- TestNGPractice.AnnotationsEx1 -->
