<?xml version="1.0" encoding="UTF-8"?>
<!-- Generated by org.testng.reporters.JUnitReportReporter -->
<testsuite hostname="SFLY-5CD247H55M" failures="0" tests="2" name="TestNGPractice.AnnotationsEx2" time="11.254" errors="0" timestamp="2025-08-14T17:27:15 IST" skipped="0">
  <testcase classname="TestNGPractice.AnnotationsEx2" name="googleTitle" time="4.562"/>
  <testcase classname="TestNGPractice.AnnotationsEx2" name="leafgroundTitle" time="6.692"/>
</testsuite> <!-- TestNGPractice.AnnotationsEx2 -->
