<?xml version="1.0" encoding="UTF-8"?>
<!-- Generated by org.testng.reporters.JUnitReportReporter -->
<testsuite hostname="SFLY-5CD247H55M" failures="0" tests="2" name="TestNGPractice.ParameterClass" time="0.005" errors="0" timestamp="2025-08-15T10:46:17 IST" skipped="0">
  <testcase classname="TestNGPractice.ParameterClass" name="addCart" time="0.004"/>
  <testcase classname="TestNGPractice.ParameterClass" name="removeCart" time="0.001"/>
</testsuite> <!-- TestNGPractice.ParameterClass -->
